[ILARIA_LogManager.php] class loaded
[ILARIA_CoreError.php] class loaded
[ILARIA_CoreLoader.php] class loaded
[ILARIA_CoreRequest.php] class loaded
[ILARIA_CoreDispatcher.php] class loaded
[ILARIA_CoreModule.php] class loaded
[ILARIA_SecurityManager.php] class loaded
[ILARIA_SecurityAccess.php] class loaded
[ILARIA_SecurityEncryption.php] class loaded
[ILARIA_DatabaseManager.php] class loaded
[ILARIA_DatabaseInstance.php] class loaded
[ILARIA_DatabaseQuery.php] class loaded
[ILARIA_ApplicationModel.php] class loaded
[ILARIA_ApplicationView.php] class loaded
[ILARIA_ApplicationController.php] class loaded
[ILARIA_ApplicationTemplate.php] class loaded
[ILARIA_ApplicationMenu.php] class loaded
[ILARIA_ApplicationAsynchronous.php] class loaded
[ILARIA_CoreModule::registerModule] registered module Mysql
[ILARIA_CoreModule::registerModule] registered module NoAuth
[include.php] whole framework loaded
[ILARIA_CoreDispatcher::__construct] Loading dispatcher
[ILARIA_CoreDispatcher::__construct] Request chain : /person/asyncrolessingle/person_id=32520
[ILARIA_CoreRequest::__construct] request type is TYPE_AJAX
[ILARIA_CoreRequest::__construct] controller name : person
[ILARIA_CoreRequest::__construct] action name : asyncrolessingle
[ILARIA_CoreRequest::__construct] GET argument : person_id=32520
[ILARIA_CoreDispatcher::dispatch] Starting dispatch process
[ILARIA_CoreModule::loadModules] loaded module Mysql offering services SERVICE_DATABASE_RELATIONAL,
[ILARIA_CoreModule::loadModules] loaded module NoAuth offering services SERVICE_SECURITY_ACCESS,
[ILARIA_CoreDispatcher::actionWrap] Building controller with name person
[ILARIA_CoreDispatcher::actionWrap] Calling action with name action_asyncrolessingle
[ILARIA_CoreDispatcher::prepareTemplate] Building template with name ajax
